This is pdfTeX, Version 3.14159265-2.6-1.40.17 (TeX Live 2016) (preloaded format=pdflatex 2016.6.26)  14 DEC 2017 22:56
entering extended mode
 restricted \write18 enabled.
 %&-line parsing enabled.
**report.tex
(./report.tex
LaTeX2e <2016/03/31>
Babel <3.9r> and hyphenation patterns for 83 language(s) loaded.
(/usr/local/texlive/2016/texmf-dist/tex/latex/base/article.cls
Document Class: article 2014/09/29 v1.4h Standard LaTeX document class
(/usr/local/texlive/2016/texmf-dist/tex/latex/base/size11.clo
File: size11.clo 2014/09/29 v1.4h Standard LaTeX file (size option)
)
\c@part=\count79
\c@section=\count80
\c@subsection=\count81
\c@subsubsection=\count82
\c@paragraph=\count83
\c@subparagraph=\count84
\c@figure=\count85
\c@table=\count86
\abovecaptionskip=\skip41
\belowcaptionskip=\skip42
\bibindent=\dimen102
)
(/usr/local/texlive/2016/texmf-dist/tex/latex/geometry/geometry.sty
Package: geometry 2010/09/12 v5.6 Page Geometry

(/usr/local/texlive/2016/texmf-dist/tex/latex/graphics/keyval.sty
Package: keyval 2014/10/28 v1.15 key=value parser (DPC)
\KV@toks@=\toks14
)
(/usr/local/texlive/2016/texmf-dist/tex/generic/oberdiek/ifpdf.sty
Package: ifpdf 2016/05/14 v3.1 Provides the ifpdf switch
)
(/usr/local/texlive/2016/texmf-dist/tex/generic/oberdiek/ifvtex.sty
Package: ifvtex 2016/05/16 v1.6 Detect VTeX and its facilities (HO)
Package ifvtex Info: VTeX not detected.
)
(/usr/local/texlive/2016/texmf-dist/tex/generic/ifxetex/ifxetex.sty
Package: ifxetex 2010/09/12 v0.6 Provides ifxetex conditional
)
\Gm@cnth=\count87
\Gm@cntv=\count88
\c@Gm@tempcnt=\count89
\Gm@bindingoffset=\dimen103
\Gm@wd@mp=\dimen104
\Gm@odd@mp=\dimen105
\Gm@even@mp=\dimen106
\Gm@layoutwidth=\dimen107
\Gm@layoutheight=\dimen108
\Gm@layouthoffset=\dimen109
\Gm@layoutvoffset=\dimen110
\Gm@dimlist=\toks15
)
(/usr/local/texlive/2016/texmf-dist/tex/latex/graphics/graphicx.sty
Package: graphicx 2014/10/28 v1.0g Enhanced LaTeX Graphics (DPC,SPQR)

(/usr/local/texlive/2016/texmf-dist/tex/latex/graphics/graphics.sty
Package: graphics 2016/05/09 v1.0r Standard LaTeX Graphics (DPC,SPQR)

(/usr/local/texlive/2016/texmf-dist/tex/latex/graphics/trig.sty
Package: trig 2016/01/03 v1.10 sin cos tan (DPC)
)
(/usr/local/texlive/2016/texmf-dist/tex/latex/graphics-cfg/graphics.cfg
File: graphics.cfg 2016/01/02 v1.10 sample graphics configuration
)
Package graphics Info: Driver file: pdftex.def on input line 96.

(/usr/local/texlive/2016/texmf-dist/tex/latex/pdftex-def/pdftex.def
File: pdftex.def 2011/05/27 v0.06d Graphics/color for pdfTeX

(/usr/local/texlive/2016/texmf-dist/tex/generic/oberdiek/infwarerr.sty
Package: infwarerr 2016/05/16 v1.4 Providing info/warning/error messages (HO)
)
(/usr/local/texlive/2016/texmf-dist/tex/generic/oberdiek/ltxcmds.sty
Package: ltxcmds 2016/05/16 v1.23 LaTeX kernel commands for general use (HO)
)
\Gread@gobject=\count90
))
\Gin@req@height=\dimen111
\Gin@req@width=\dimen112
)
(/usr/local/texlive/2016/texmf-dist/tex/latex/oberdiek/epstopdf.sty
Package: epstopdf 2016/05/15 v2.6 Conversion with epstopdf on the fly (HO)

(/usr/local/texlive/2016/texmf-dist/tex/latex/oberdiek/epstopdf-base.sty
Package: epstopdf-base 2016/05/15 v2.6 Base part for package epstopdf

(/usr/local/texlive/2016/texmf-dist/tex/latex/oberdiek/grfext.sty
Package: grfext 2016/05/16 v1.2 Manage graphics extensions (HO)

(/usr/local/texlive/2016/texmf-dist/tex/generic/oberdiek/kvdefinekeys.sty
Package: kvdefinekeys 2016/05/16 v1.4 Define keys (HO)
))
(/usr/local/texlive/2016/texmf-dist/tex/latex/oberdiek/kvoptions.sty
Package: kvoptions 2016/05/16 v3.12 Key value format for package options (HO)

(/usr/local/texlive/2016/texmf-dist/tex/generic/oberdiek/kvsetkeys.sty
Package: kvsetkeys 2016/05/16 v1.17 Key value parser (HO)

(/usr/local/texlive/2016/texmf-dist/tex/generic/oberdiek/etexcmds.sty
Package: etexcmds 2016/05/16 v1.6 Avoid name clashes with e-TeX commands (HO)

(/usr/local/texlive/2016/texmf-dist/tex/generic/oberdiek/ifluatex.sty
Package: ifluatex 2016/05/16 v1.4 Provides the ifluatex switch (HO)
Package ifluatex Info: LuaTeX not detected.
)
Package etexcmds Info: Could not find \expanded.
(etexcmds)             That can mean that you are not using pdfTeX 1.50 or
(etexcmds)             that some package has redefined \expanded.
(etexcmds)             In the latter case, load this package earlier.
)))
(/usr/local/texlive/2016/texmf-dist/tex/generic/oberdiek/pdftexcmds.sty
Package: pdftexcmds 2016/05/10 v0.21 Utility functions of pdfTeX for LuaTeX (HO
)
Package pdftexcmds Info: LuaTeX not detected.
Package pdftexcmds Info: \pdf@primitive is available.
Package pdftexcmds Info: \pdf@ifprimitive is available.
Package pdftexcmds Info: \pdfdraftmode found.
)
Package grfext Info: Graphics extension search list:
(grfext)             [.png,.pdf,.jpg,.mps,.jpeg,.jbig2,.jb2,.PNG,.PDF,.JPG,.JPE
G,.JBIG2,.JB2,.eps]
(grfext)             \AppendGraphicsExtensions on input line 456.

(/usr/local/texlive/2016/texmf-dist/tex/latex/latexconfig/epstopdf-sys.cfg
File: epstopdf-sys.cfg 2010/07/13 v1.3 Configuration of (r)epstopdf for TeX Liv
e
)))
(/usr/local/texlive/2016/texmf-dist/tex/latex/caption/subcaption.sty
Package: subcaption 2016/02/20 v1.1-142 Sub-captions (AR)

(/usr/local/texlive/2016/texmf-dist/tex/latex/caption/caption.sty
Package: caption 2016/02/21 v3.3-144 Customizing captions (AR)

(/usr/local/texlive/2016/texmf-dist/tex/latex/caption/caption3.sty
Package: caption3 2016/02/04 v1.7-139 caption3 kernel (AR)
Package caption3 Info: TeX engine: e-TeX on input line 67.
\captionmargin=\dimen113
\captionmargin@=\dimen114
\captionwidth=\dimen115
\caption@tempdima=\dimen116
\caption@indent=\dimen117
\caption@parindent=\dimen118
\caption@hangindent=\dimen119
)
\c@ContinuedFloat=\count91
)
\c@subfigure=\count92
\c@subtable=\count93
)
(/usr/local/texlive/2016/texmf-dist/tex/latex/fancyhdr/fancyhdr.sty
\fancy@headwidth=\skip43
\f@ncyO@elh=\skip44
\f@ncyO@erh=\skip45
\f@ncyO@olh=\skip46
\f@ncyO@orh=\skip47
\f@ncyO@elf=\skip48
\f@ncyO@erf=\skip49
\f@ncyO@olf=\skip50
\f@ncyO@orf=\skip51
)
(./report.aux)
\openout1 = `report.aux'.

LaTeX Font Info:    Checking defaults for OML/cmm/m/it on input line 15.
LaTeX Font Info:    ... okay on input line 15.
LaTeX Font Info:    Checking defaults for T1/cmr/m/n on input line 15.
LaTeX Font Info:    ... okay on input line 15.
LaTeX Font Info:    Checking defaults for OT1/cmr/m/n on input line 15.
LaTeX Font Info:    ... okay on input line 15.
LaTeX Font Info:    Checking defaults for OMS/cmsy/m/n on input line 15.
LaTeX Font Info:    ... okay on input line 15.
LaTeX Font Info:    Checking defaults for OMX/cmex/m/n on input line 15.
LaTeX Font Info:    ... okay on input line 15.
LaTeX Font Info:    Checking defaults for U/cmr/m/n on input line 15.
LaTeX Font Info:    ... okay on input line 15.

*geometry* driver: auto-detecting
*geometry* detected driver: pdftex
*geometry* verbose mode - [ preamble ] result:
* driver: pdftex
* paper: a4paper
* layout: <same size as paper>
* layoutoffset:(h,v)=(0.0pt,0.0pt)
* modes: 
* h-part:(L,W,R)=(89.62709pt, 418.25368pt, 89.6271pt)
* v-part:(T,H,B)=(101.40665pt, 658.28194pt, 85.35826pt)
* \paperwidth=597.50787pt
* \paperheight=845.04684pt
* \textwidth=418.25368pt
* \textheight=658.28194pt
* \oddsidemargin=17.3571pt
* \evensidemargin=17.3571pt
* \topmargin=-7.86334pt
* \headheight=12.0pt
* \headsep=25.0pt
* \topskip=11.0pt
* \footskip=30.0pt
* \marginparwidth=59.0pt
* \marginparsep=10.0pt
* \columnsep=10.0pt
* \skip\footins=10.0pt plus 4.0pt minus 2.0pt
* \hoffset=0.0pt
* \voffset=0.0pt
* \mag=1000
* \@twocolumnfalse
* \@twosidefalse
* \@mparswitchfalse
* \@reversemarginfalse
* (1in=72.27pt=25.4mm, 1cm=28.453pt)

(/usr/local/texlive/2016/texmf-dist/tex/context/base/mkii/supp-pdf.mkii
[Loading MPS to PDF converter (version 2006.09.02).]
\scratchcounter=\count94
\scratchdimen=\dimen120
\scratchbox=\box26
\nofMPsegments=\count95
\nofMParguments=\count96
\everyMPshowfont=\toks16
\MPscratchCnt=\count97
\MPscratchDim=\dimen121
\MPnumerator=\count98
\makeMPintoPDFobject=\count99
\everyMPtoPDFconversion=\toks17
)
Package caption Info: Begin \AtBeginDocument code.
Package caption Info: End \AtBeginDocument code.
LaTeX Font Info:    External font `cmex10' loaded for size
(Font)              <10.95> on input line 25.
LaTeX Font Info:    External font `cmex10' loaded for size
(Font)              <8> on input line 25.
LaTeX Font Info:    External font `cmex10' loaded for size
(Font)              <6> on input line 25.

Overfull \hbox (7.11827pt too wide) in paragraph at lines 29--30
[]\OT1/cmr/bx/n/10.95 Rahmensynchronisation: \OT1/cmr/m/n/10.95 Schlussendlich 
wer-den Anfangs- und End-Bitsequenzen
 []


Package Fancyhdr Warning: \headheight is too small (12.0pt): 
 Make it at least 13.59999pt.
 We now make it that large for the rest of the document.
 This may cause the page layout to be inconsistent, however.

[1{/usr/local/texlive/2016/texmf-var/fonts/map/pdftex/updmap/pdftex.map}

]
Package epstopdf Info: Source file: <source.eps>
(epstopdf)                    date: 2017-12-14 22:19:35
(epstopdf)                    size: 14093 bytes
(epstopdf)             Output file: <source-eps-converted-to.pdf>
(epstopdf)                    date: 2017-12-14 22:33:25
(epstopdf)                    size: 5939 bytes
(epstopdf)             Command: <repstopdf --outfile=source-eps-converted-to.pd
f source.eps>
(epstopdf)             \includegraphics on input line 39.
Package epstopdf Info: Output file is already uptodate.

<source-eps-converted-to.pdf, id=14, 567.11874pt x 93.34875pt>
File: source-eps-converted-to.pdf Graphic file (type pdf)

<use source-eps-converted-to.pdf>
Package pdftex.def Info: source-eps-converted-to.pdf used on input line 39.
(pdftex.def)             Requested size: 418.25368pt x 68.84766pt.
Package epstopdf Info: Source file: <addkeys.eps>
(epstopdf)                    date: 2017-12-14 22:20:43
(epstopdf)                    size: 15495 bytes
(epstopdf)             Output file: <addkeys-eps-converted-to.pdf>
(epstopdf)                    date: 2017-12-14 22:37:56
(epstopdf)                    size: 6743 bytes
(epstopdf)             Command: <repstopdf --outfile=addkeys-eps-converted-to.p
df addkeys.eps>
(epstopdf)             \includegraphics on input line 43.
Package epstopdf Info: Output file is already uptodate.

<addkeys-eps-converted-to.pdf, id=15, 567.11874pt x 95.35625pt>
File: addkeys-eps-converted-to.pdf Graphic file (type pdf)

<use addkeys-eps-converted-to.pdf>
Package pdftex.def Info: addkeys-eps-converted-to.pdf used on input line 43.
(pdftex.def)             Requested size: 418.25368pt x 70.32825pt.
Package epstopdf Info: Source file: <modulate.eps>
(epstopdf)                    date: 2017-12-14 22:21:41
(epstopdf)                    size: 27859 bytes
(epstopdf)             Output file: <modulate-eps-converted-to.pdf>
(epstopdf)                    date: 2017-12-14 22:38:25
(epstopdf)                    size: 10500 bytes
(epstopdf)             Command: <repstopdf --outfile=modulate-eps-converted-to.
pdf modulate.eps>
(epstopdf)             \includegraphics on input line 47.
Package epstopdf Info: Output file is already uptodate.

<modulate-eps-converted-to.pdf, id=16, 568.1225pt x 95.35625pt>
File: modulate-eps-converted-to.pdf Graphic file (type pdf)

<use modulate-eps-converted-to.pdf>
Package pdftex.def Info: modulate-eps-converted-to.pdf used on input line 47.
(pdftex.def)             Requested size: 418.25368pt x 70.20457pt.
Package epstopdf Info: Source file: <noisy.eps>
(epstopdf)                    date: 2017-12-14 22:22:14
(epstopdf)                    size: 34658 bytes
(epstopdf)             Output file: <noisy-eps-converted-to.pdf>
(epstopdf)                    date: 2017-12-14 22:39:17
(epstopdf)                    size: 12453 bytes
(epstopdf)             Command: <repstopdf --outfile=noisy-eps-converted-to.pdf
 noisy.eps>
(epstopdf)             \includegraphics on input line 51.
Package epstopdf Info: Output file is already uptodate.

<noisy-eps-converted-to.pdf, id=17, 571.13374pt x 95.35625pt>
File: noisy-eps-converted-to.pdf Graphic file (type pdf)

<use noisy-eps-converted-to.pdf>
Package pdftex.def Info: noisy-eps-converted-to.pdf used on input line 51.
(pdftex.def)             Requested size: 418.25368pt x 69.83208pt.
Package epstopdf Info: Source file: <symbsync.eps>
(epstopdf)                    date: 2017-12-14 22:22:48
(epstopdf)                    size: 32365 bytes
(epstopdf)             Output file: <symbsync-eps-converted-to.pdf>
(epstopdf)                    date: 2017-12-14 22:39:37
(epstopdf)                    size: 12576 bytes
(epstopdf)             Command: <repstopdf --outfile=symbsync-eps-converted-to.
pdf symbsync.eps>
(epstopdf)             \includegraphics on input line 55.
Package epstopdf Info: Output file is already uptodate.

<symbsync-eps-converted-to.pdf, id=18, 571.13374pt x 95.35625pt>
File: symbsync-eps-converted-to.pdf Graphic file (type pdf)

<use symbsync-eps-converted-to.pdf>
Package pdftex.def Info: symbsync-eps-converted-to.pdf used on input line 55.
(pdftex.def)             Requested size: 418.25368pt x 69.83208pt.
Package epstopdf Info: Source file: <demodulate.eps>
(epstopdf)                    date: 2017-12-14 22:23:35
(epstopdf)                    size: 15209 bytes
(epstopdf)             Output file: <demodulate-eps-converted-to.pdf>
(epstopdf)                    date: 2017-12-14 22:40:13
(epstopdf)                    size: 6723 bytes
(epstopdf)             Command: <repstopdf --outfile=demodulate-eps-converted-t
o.pdf demodulate.eps>
(epstopdf)             \includegraphics on input line 59.
Package epstopdf Info: Output file is already uptodate.

<demodulate-eps-converted-to.pdf, id=19, 567.11874pt x 95.35625pt>
File: demodulate-eps-converted-to.pdf Graphic file (type pdf)

<use demodulate-eps-converted-to.pdf>
Package pdftex.def Info: demodulate-eps-converted-to.pdf used on input line 59.

(pdftex.def)             Requested size: 418.25368pt x 70.32825pt.
Package epstopdf Info: Source file: <framesync.eps>
(epstopdf)                    date: 2017-12-14 22:24:53
(epstopdf)                    size: 14099 bytes
(epstopdf)             Output file: <framesync-eps-converted-to.pdf>
(epstopdf)                    date: 2017-12-14 22:40:35
(epstopdf)                    size: 6245 bytes
(epstopdf)             Command: <repstopdf --outfile=framesync-eps-converted-to
.pdf framesync.eps>
(epstopdf)             \includegraphics on input line 63.
Package epstopdf Info: Output file is already uptodate.

<framesync-eps-converted-to.pdf, id=20, 567.11874pt x 95.35625pt>
File: framesync-eps-converted-to.pdf Graphic file (type pdf)

<use framesync-eps-converted-to.pdf>
Package pdftex.def Info: framesync-eps-converted-to.pdf used on input line 63.
(pdftex.def)             Requested size: 418.25368pt x 70.32825pt.
 [2 <./source-eps-converted-to.pdf> <./addkeys-eps-converted-to.pdf> <./modulat
e-eps-converted-to.pdf> <./noisy-eps-converted-to.pdf> <./symbsync-eps-converte
d-to.pdf> <./demodulate-eps-converted-to.pdf> <./framesync-eps-converted-to.pdf
>] (./report.aux) ) 
Here is how much of TeX's memory you used:
 3255 strings out of 493014
 51277 string characters out of 6133351
 120113 words of memory out of 5000000
 6775 multiletter control sequences out of 15000+600000
 7460 words of font info for 27 fonts, out of 8000000 for 9000
 1141 hyphenation exceptions out of 8191
 42i,11n,43p,429b,427s stack positions out of 5000i,500n,10000p,200000b,80000s
</usr/local/texlive/2016/texmf-dist/fonts/type1/public/amsfo
nts/cm/cmbx10.pfb></usr/local/texlive/2016/texmf-dist/fonts/type1/public/amsfon
ts/cm/cmbx12.pfb></usr/local/texlive/2016/texmf-dist/fonts/type1/public/amsfont
s/cm/cmmi10.pfb></usr/local/texlive/2016/texmf-dist/fonts/type1/public/amsfonts
/cm/cmmi8.pfb></usr/local/texlive/2016/texmf-dist/fonts/type1/public/amsfonts/c
m/cmr10.pfb></usr/local/texlive/2016/texmf-dist/fonts/type1/public/amsfonts/cm/
cmr8.pfb></usr/local/texlive/2016/texmf-dist/fonts/type1/public/amsfonts/cm/cms
y10.pfb></usr/local/texlive/2016/texmf-dist/fonts/type1/public/amsfonts/cm/cmtt
10.pfb>
Output written on report.pdf (2 pages, 129488 bytes).
PDF statistics:
 106 PDF objects out of 1000 (max. 8388607)
 72 compressed objects within 1 object stream
 0 named destinations out of 1000 (max. 500000)
 36 words of extra memory for PDF output out of 10000 (max. 10000000)

